<html>
<body>
<pre>
<h1>µVision3 Build Log</h1>
<h2>Project:</h2>
D:\2008\2008retime.uv2
Project File Date:  06/22/2007

<h2>Output:</h2>
Build target 'Target 1'
assembling 08aoyundaojishi.asm...
08aoyundaojishi.asm(777): error A45: UNDEFINED SYMBOL (PASS-2)
08aoyundaojishi.asm(1340): warning A41: MISSING 'END' STATEMENT
Target not created
Build target 'Target 1'
assembling 08aoyundaojishi.asm...
08aoyundaojishi.asm(777): error A45: UNDEFINED SYMBOL (PASS-2)
08aoyundaojishi.asm(1340): warning A41: MISSING 'END' STATEMENT
Target not created
Build target 'Target 1'
assembling 08aoyundaojishi.asm...
08aoyundaojishi.asm(777): error A45: UNDEFINED SYMBOL (PASS-2)
08aoyundaojishi.asm(1339): warning A41: MISSING 'END' STATEMENT
Target not created
Build target 'Target 1'
assembling 08aoyundaojishi.asm...
08aoyundaojishi.asm(777): error A45: UNDEFINED SYMBOL (PASS-2)
08aoyundaojishi.asm(1339): warning A41: MISSING 'END' STATEMENT
Target not created
Build target 'Target 1'
assembling 08aoyundaojishi.asm...
08aoyundaojishi.asm(777): error A45: UNDEFINED SYMBOL (PASS-2)
08aoyundaojishi.asm(1339): warning A41: MISSING 'END' STATEMENT
Target not created
Build target 'Target 1'
assembling 08aoyundaojishi.asm...
08aoyundaojishi.asm(777): error A45: UNDEFINED SYMBOL (PASS-2)
08aoyundaojishi.asm(1339): warning A41: MISSING 'END' STATEMENT
Target not created
Build target 'Target 1'
assembling 08aoyundaojishi.asm...
08aoyundaojishi.asm(777): error A45: UNDEFINED SYMBOL (PASS-2)
08aoyundaojishi.asm(1339): warning A41: MISSING 'END' STATEMENT
Target not created
Build target 'Target 1'
assembling 08aoyundaojishi.asm...
08aoyundaojishi.asm(777): error A45: UNDEFINED SYMBOL (PASS-2)
08aoyundaojishi.asm(1339): warning A41: MISSING 'END' STATEMENT
Target not created
Build target 'Target 1'
assembling 08aoyundaojishi.asm...
08aoyundaojishi.asm(777): error A45: UNDEFINED SYMBOL (PASS-2)
08aoyundaojishi.asm(1339): warning A41: MISSING 'END' STATEMENT
Target not created
Build target 'Target 1'
assembling 08aoyundaojishi.asm...
08aoyundaojishi.asm(777): error A45: UNDEFINED SYMBOL (PASS-2)
08aoyundaojishi.asm(1339): warning A41: MISSING 'END' STATEMENT
Target not created
Build target 'Target 1'
assembling 08aoyundaojishi.asm...
08aoyundaojishi.asm(777): error A45: UNDEFINED SYMBOL (PASS-2)
08aoyundaojishi.asm(1339): warning A41: MISSING 'END' STATEMENT
Target not created
Build target 'Target 1'
assembling 08aoyundaojishi.asm...
08aoyundaojishi.asm(1339): warning A41: MISSING 'END' STATEMENT
linking...
Program Size: data=8.0 xdata=0 code=2691
"2008retime" - 0 Error(s), 1 Warning(s).
Build target 'Target 1'
assembling 08aoyundaojishi.asm...
08aoyundaojishi.asm(1339): warning A41: MISSING 'END' STATEMENT
linking...
Program Size: data=8.0 xdata=0 code=2691
creating hex file from "2008retime"...
"2008retime" - 0 Error(s), 1 Warning(s).
Build target 'Target 1'
assembling 08aoyundaojishi.asm...
08aoyundaojishi.asm(1339): warning A41: MISSING 'END' STATEMENT
linking...
Program Size: data=8.0 xdata=0 code=2691
creating hex file from "2008retime"...
"2008retime" - 0 Error(s), 1 Warning(s).
